<?xml version="1.0" encoding="UTF-8"?>
<testng-results skipped="0" failed="0" ignored="0" total="1" passed="1">
  <reporter-output>
  </reporter-output>
  <suite name="Default suite" duration-ms="40186" started-at="2020-06-01T08:24:30Z" finished-at="2020-06-01T08:25:10Z">
    <groups>
    </groups>
    <test name="Default test" duration-ms="40186" started-at="2020-06-01T08:24:30Z" finished-at="2020-06-01T08:25:10Z">
      <class name="com.charmhealth.testcases.LoginTestCharmHealth">
        <test-method status="PASS" signature="setUpSuite()[pri:0, instance:com.charmhealth.testcases.LoginTestCharmHealth@59f99ea]" name="setUpSuite" is-config="true" duration-ms="19" started-at="2020-06-01T08:24:30Z" finished-at="2020-06-01T08:24:30Z">
          <reporter-output>
          </reporter-output>
        </test-method> <!-- setUpSuite -->
        <test-method status="PASS" signature="setup()[pri:0, instance:com.charmhealth.testcases.LoginTestCharmHealth@59f99ea]" name="setup" is-config="true" duration-ms="30893" started-at="2020-06-01T08:24:30Z" finished-at="2020-06-01T08:25:01Z">
          <reporter-output>
          </reporter-output>
        </test-method> <!-- setup -->
        <test-method status="PASS" signature="loginApp()[pri:0, instance:com.charmhealth.testcases.LoginTestCharmHealth@59f99ea]" name="loginApp" duration-ms="8603" started-at="2020-06-01T08:25:01Z" finished-at="2020-06-01T08:25:09Z">
          <reporter-output>
          </reporter-output>
        </test-method> <!-- loginApp -->
        <test-method status="PASS" signature="teardown()[pri:0, instance:com.charmhealth.testcases.LoginTestCharmHealth@59f99ea]" name="teardown" is-config="true" duration-ms="662" started-at="2020-06-01T08:25:09Z" finished-at="2020-06-01T08:25:10Z">
          <reporter-output>
          </reporter-output>
        </test-method> <!-- teardown -->
      </class> <!-- com.charmhealth.testcases.LoginTestCharmHealth -->
    </test> <!-- Default test -->
  </suite> <!-- Default suite -->
</testng-results>
